number,value,params_colsample_bytree,params_learning_rate,params_max_bin,params_max_depth,params_min_child_samples,params_min_split_gain,params_num_leaves,params_reg_alpha,params_reg_lambda,params_scale_pos_weight,params_subsample,user_attrs_best_iteration
0,0.05182481751824819,0.85,0.06,63,7,40,0.0,15,0.05,0.1,1.0,0.85,5
1,0.05306427503736921,0.6232334448672797,0.024829191436850216,178,7,93,0.21242177333881365,16,0.7232250142857395,0.09644921218755018,1.1029224714790122,0.7467983561008608,61
2,0.05224429727740987,0.8099025726528951,0.02578995077917459,98,7,41,0.18355586841671384,31,0.02666020367873237,0.009148631342290037,1.6974693032602093,0.7912726728878613,6
3,0.05201465201465205,0.836965827544817,0.026378226388043956,214,4,66,0.051157237106187456,14,0.0014234237430895472,0.10128002032729375,1.3252579649263976,0.8542703315240835,42
4,0.05301794453507336,0.7760609974958405,0.022899946502903175,121,7,101,0.010316556334565519,30,0.0025284354680721634,0.04311156945735043,5.546602010393911,0.905269907953647,32
5,0.058769513314967825,0.9878338511058234,0.04267586982323341,163,6,51,0.26844820512829465,13,0.3620234481261911,1.2627407242820354,3.9894998940554256,0.7554563366576581,22
6,0.054826254826254806,0.7085396127095583,0.03139773876891814,71,3,39,0.08428035290621423,30,0.5441108375656201,0.015054052714725983,3.7134804157912424,0.8166031869068445,41
7,0.051862673484295074,0.602208846849441,0.058340167914120604,253,7,27,0.21870215041229618,10,0.4918839315632671,0.21545535601027507,4.856351733429729,0.7596147044602517,3
8,0.05197657393850663,0.6254233401144095,0.04745618916550281,229,4,31,0.21888185350141923,8,0.010630702683751063,0.011842404743806116,4.187787356776066,0.7992694074557948,3
9,0.052321296978629306,0.9083868719818244,0.057420667326657605,200,5,32,0.12826230550756487,29,0.04266129901139966,0.05315654549305854,1.1270956337204758,0.8683831592708489,11
10,0.051673944687045115,0.69971689165955,0.04047809464991722,123,3,84,0.06863944964748674,9,0.022630092996142572,0.311958606415208,1.3848995491439648,0.9722699421778279,96
11,0.0513196480938416,0.9214688307596458,0.04812569959381128,218,3,113,0.16180267257469522,14,0.004129270757976581,0.8838204109004728,5.037200775820312,0.9614381770563153,6
12,0.05193855157278715,0.9442922333025374,0.03615551126749431,106,4,31,0.1252233009446337,29,0.0010542635497393176,0.04852797464024819,2.1105390523536514,0.9454044297767479,8
13,0.05201465201465205,0.7454518409517176,0.041055663286569406,125,4,115,0.07553468874760924,9,1.6139192598341083,1.5033752280234232,3.4862425294619275,0.9109056876685533,13
14,0.060054595086442175,0.7114585856946446,0.04014883279690956,180,4,23,0.04346846162736693,14,0.9958935820671322,0.006177332623538314,3.447263801387815,0.7154436253749967,44
15,0.06089438629876309,0.7471132530877013,0.02780366539596527,209,4,87,0.16073240522242754,31,0.12225327812715714,0.12339585694468339,1.4514488502720415,0.9184649045835579,37
16,0.06577595066803699,0.6066351315711425,0.0453714852133241,70,4,38,0.19355183712283494,27,0.04902691271135982,0.005593315895623373,1.8718321450249573,0.9032693085526847,18
17,0.05182481751824819,0.9698774473114251,0.03209019824175177,89,4,114,0.1979952138102537,24,0.7872696728245766,0.00710351088390878,5.0861110010060795,0.7340420563721767,3
18,0.06304558680892336,0.8532405829093072,0.06937575254564769,80,5,44,0.2177867036610718,20,0.013156716288884488,0.01421514455969502,5.485551299762886,0.9701254171489991,9
19,0.04683377308707126,0.842571623863836,0.025023046206784506,79,6,84,0.19905053073241674,29,0.0010724072546751035,0.002162522360192723,1.0253079192310934,0.9695662565581238,4
20,0.05631399317406138,0.8825244455409779,0.07559280697270189,144,5,65,0.2979524860413895,22,0.12825030731340437,0.0013692823355564352,2.842467385735109,0.9368157161111555,10
21,0.06694560669456062,0.662443676566598,0.0749737307865117,146,5,54,0.2531788662792597,25,0.1562610033130783,0.0033432489071581616,2.345844550586073,0.9982302419839669,20
22,0.05078683834048636,0.6615355581140249,0.0776977893351879,144,5,55,0.24979838398100712,26,0.1518813931124767,0.0033661163113424034,2.53038695668874,0.9988049595242305,6
23,0.06256015399422521,0.6692439563400375,0.06691428410167151,89,5,52,0.24796199867373717,20,0.012695606483008182,0.023131718710615506,2.8373941591202376,0.9981027637909737,16
24,0.05193855157278715,0.6620395125266703,0.0675319197566115,111,6,60,0.29317993967852335,25,0.0064019251487384505,0.0029334171627201627,2.1014754926122414,0.8862930180445396,11
25,0.052631578947368474,0.7886498981574693,0.05026699782394648,140,5,75,0.2451359508829425,18,0.06819792497607648,0.0010964567088179785,2.01123262354343,0.9401389146389495,5
26,0.05028328611898014,0.6033998904338955,0.06739623309062093,83,6,50,0.270797144614602,22,0.2516132774113359,0.004508063463651105,3.005411836371337,0.9769898304923479,4
27,0.06114769520225771,0.8838888393837385,0.07945490112532783,67,5,43,0.17432754292336303,27,0.01583831629031819,0.02260215869090597,5.889786347122675,0.9303540268821674,10
28,0.051862673484295074,0.641577504731698,0.053137335211076185,101,5,72,0.23728275071823984,23,0.08813512735415355,0.0018836314896915065,4.525671232264725,0.8953192221085343,17
29,0.05205278592375362,0.7522110567081677,0.0638655524435948,65,6,45,0.13403211882493457,19,0.045632940189921735,0.004753884172387333,2.3106177047231804,0.8353793534372662,3
30,0.052437223042836045,0.6889524317508573,0.07387321018510627,181,5,36,0.2713474358420164,27,0.24172423293600256,0.013823350989381146,1.7647311762982048,0.9549974432965042,18
31,0.051412020275162895,0.6599104014816989,0.06919722410633218,90,5,55,0.24087642448890012,20,0.010860832152615164,0.023724089431067075,2.94621237388514,0.9977777681396215,5
32,0.05193855157278715,0.6377739022043656,0.06009744089288251,77,5,48,0.2298305025750424,17,0.030672230297825738,0.0217385376474999,2.6618450211076397,0.9874884926956705,7
33,0.053343350864011985,0.8160377604636654,0.0632996160492303,89,6,20,0.1947923979588538,20,0.01508264226349228,0.007908368405650805,3.1685276721731594,0.9825531824462758,1
34,0.054826254826254806,0.6830721944894581,0.055542843182762376,63,4,60,0.21412934625716099,21,0.0059306394611590135,0.0311903988816591,2.349552363221139,0.9611520634127615,30
35,0.05190058479532167,0.7268706772489626,0.06996012643336404,115,5,37,0.26342946736805317,24,0.06737907467710616,0.01077990822258444,1.7811330271258665,0.877523166036087,31
36,0.05205278592375362,0.8191656603377422,0.04608376887593566,161,4,55,0.17720052911437617,16,0.02427169826321189,0.07217234760659631,2.514869607590245,0.9227775376684193,1
37,0.052090975788701366,0.862845148948694,0.020715536679952417,98,3,66,0.2556444767102112,26,0.0024840241136048274,0.003202398625401225,3.1640364181514222,0.9945118869823649,47
38,0.0657084188911704,0.6107314576434889,0.062317753142557615,135,6,43,0.23077839008366596,18,0.038304444966487335,0.005303099337383635,3.8783855200176176,0.850613817369306,42
39,0.052321296978629306,0.6179816804653805,0.06123936671096221,170,7,43,0.2036881874080273,12,0.24066332068538235,0.004702186060271055,3.9837264973986164,0.8605262439305382,3
40,0.051862673484295074,0.6359296314771452,0.05344556445688248,134,6,26,0.2834068487554857,18,0.0349683068249673,0.0019896702686599847,5.49505708295669,0.8322885843964101,3
41,0.05306427503736921,0.672693879759722,0.07278437429534852,154,6,47,0.22285683657428165,16,0.016555275326170585,0.017467208277462714,1.5723473497257017,0.7843653611128061,14
42,0.06653426017874875,0.6127502773112292,0.06651109268931936,75,5,38,0.23279432277540577,20,0.008552636544926722,0.009576667453189896,4.367979060852248,0.9543192787411104,15
43,0.05395136778115506,0.6069243095535838,0.04482258591599966,76,7,36,0.22545841714757406,18,0.006747985158525354,0.009911143964670296,4.537565484338458,0.900998802436,9
44,0.05564263322884011,0.6454947885636078,0.06372249121945499,194,5,39,0.18273549486721463,22,0.06250275638470269,0.0066247500267024384,3.7770916231825353,0.9505136768130874,14
45,0.06227106227106227,0.6218275085447185,0.050933956491106186,132,6,32,0.20650573994461136,24,0.0028281282853202827,0.004173414133372639,4.328073392907776,0.9722029919532794,39
46,0.050641940085591974,0.6193195716206026,0.03509917482728485,153,5,41,0.2314448762244905,21,0.021926787047117768,0.013158060470004814,5.526542920814982,0.8406006038305431,3
47,0.05071428571428571,0.6035385887784728,0.05568342469674633,101,4,28,0.10255493908852133,28,0.0883283055915136,0.0024278865762863183,4.793591584601451,0.8059986339450879,3
48,0.050426136363636354,0.6468393333295744,0.07186264928176063,73,3,61,0.18946547015425003,12,0.008678841376240682,0.005859865726703233,5.99554187982557,0.9248260813407424,12
49,0.052437223042836045,0.8622294786429113,0.05878047796926402,170,4,34,0.16062599189097382,15,0.004118107856894094,0.00806083409880647,3.7113625138639876,0.9110968091001344,2
50,0.0680628272251309,0.776813283374943,0.036941252555347505,254,6,45,0.21092917548517917,19,0.03232189268074098,0.0014551607255662432,5.179515189738289,0.7725708044938654,62
51,0.05259026687598112,0.7770788902265157,0.03540396742578232,255,6,41,0.21124123303920608,19,0.03834485620827628,0.0014250851613605334,5.212032573189523,0.7824279474671009,30
52,0.0562448304383788,0.7203545996880399,0.0381541435436083,115,7,52,0.22122101310037692,21,0.01954509213802041,0.0010054868922975402,5.316403444970685,0.8563238941998385,43
53,0.05205278592375362,0.6251257735932415,0.03178213944843938,229,6,46,0.2587834776705745,17,0.02988960563970002,0.0015350293989575524,5.757318962306712,0.8203664880516797,3
54,0.06089438629876309,0.8943426052704803,0.028449955327844924,124,5,107,0.28095819249103515,23,0.052471230913782155,0.0027851394345630776,4.787715523967255,0.7682238277205525,71
55,0.05374716124148371,0.8345290336593684,0.04343180548819664,237,6,30,0.17278149057908093,31,0.19244367248542468,0.0036353892048725297,4.115807220629424,0.701279694579051,4
56,0.05182481751824819,0.9410726995917352,0.038006549404400354,243,5,38,0.1429831926924484,17,0.09226318194074054,0.03325499378513526,4.560187000603938,0.7475873942879437,2
57,0.05286671630677586,0.6006033692652977,0.07667669641132134,189,7,24,0.2407918089593675,25,0.008408681531515772,0.0055960619517576625,5.023581029953235,0.9672853246591039,5
58,0.051673944687045115,0.691822505891531,0.06546857507832719,211,4,50,0.020123848198140254,19,0.4802111753472643,0.4330713030459027,4.376036760394758,0.8715732582053889,9
59,0.05182481751824819,0.6522639760653112,0.0334374999480339,153,5,57,0.1894002319020756,28,0.051777763360026346,0.00911053138966095,1.1805599059579328,0.9386818636429572,57
60,0.06959314775160597,0.796543027097559,0.07976780514989147,81,6,78,0.21058914072764828,23,0.36587863229382295,0.016366338011794886,5.709467818345712,0.8848716447471805,63
61,0.054545454545454564,0.7944739385238521,0.07985143395851654,82,6,80,0.23492640219497102,23,0.34675295853225446,0.014465943677236776,5.625020292099712,0.8937920155494007,18
62,0.05871725383920501,0.7801561091776594,0.07412401984108359,70,6,91,0.21216716239050123,25,0.8450517882266904,0.018410637458361787,5.3291590012545,0.879723564255581,107
63,0.062200956937799035,0.7572089073861773,0.07060840810709547,95,6,96,0.24715362440900418,20,0.3155509358815263,0.010052717693835618,5.003860450943165,0.8457143785295613,6
64,0.0564373897707231,0.8281770401263535,0.07530115729028937,108,5,120,0.20281915580406124,26,1.2921195844431077,0.03186253009909333,3.8871976299953572,0.8260771091296035,14
65,0.0586113615870153,0.808323148112888,0.06742690438929651,83,5,75,0.25513574403841793,22,0.1232750743381044,0.003762584400431902,3.327148006954253,0.9116181593021522,10
66,0.06232023010546506,0.76289556390462,0.04233956273721065,92,6,70,0.21873833296564876,21,0.012069180141094859,0.0017217400548150995,5.780898510664524,0.9608928214989099,37
67,0.05078683834048636,0.7318675588548765,0.02994556468526809,73,5,63,0.23008455350245377,18,0.4379009252132373,0.0025559383813162206,5.297103789910435,0.9820443852412367,12
68,0.05354449472096534,0.6333600433082373,0.06102083937293831,131,6,44,0.19639383299294794,23,0.17052524093675975,0.005548456481502836,1.9383306617687626,0.8867515342670963,7
69,0.05893186003683237,0.8548015623168087,0.03848840454245498,84,7,81,0.16111899747082398,19,0.10643418576563188,0.007080544118467606,3.647794268527857,0.8634621756079518,45
70,0.05782312925170063,0.7045013223455939,0.07043288977190194,144,6,49,0.23761714906445355,27,0.5751527439968862,0.04133209578257421,5.672607404144926,0.9482520732163255,24
71,0.07158836689038028,0.6734867034313851,0.06656979314063907,88,5,51,0.24966863291537422,20,0.01669774316377142,0.017733083517120808,2.7000441603980923,0.9935290035383576,90
72,0.06124401913875599,0.6753972383074454,0.065059049062436,68,5,34,0.26905663781953565,20,0.02030355124209959,0.016812716130200436,2.196879042357946,0.9851957187300338,13
73,0.050070521861777184,0.6165822106570192,0.05685309719425439,105,5,53,0.28076816562733736,24,0.008909529429146744,0.07100738331916075,2.578138761450049,0.9892341442513223,5
74,0.051412020275162895,0.8012751670163307,0.06236844936736779,63,5,44,0.24924874557462906,19,0.026574112344569453,0.008320509024839839,2.356841114496324,0.975488901730889,4
75,0.06327900287631827,0.6124178986485036,0.0772091827056916,79,4,57,0.21183010632385268,21,0.004718727085282277,0.02028564196286422,2.714396129633653,0.7245902939608543,17
76,0.0586113615870153,0.6535326163909608,0.07688145451056559,86,4,57,0.20903654843651254,22,0.004279172561724484,0.026622004495047112,2.6999296093927505,0.7216915190741946,15
77,0.05892547660311953,0.6128484116070432,0.07892858153512662,77,4,69,0.26413501522504057,21,0.0023536642325798877,0.011281261216199595,1.8763536475091953,0.7338888307478179,15
78,0.053584905660377324,0.6375050089365736,0.07360417339135138,95,3,58,0.227895895816132,25,0.0018455169475514014,0.004933140173007505,3.3614152758012823,0.7592622017207534,52
79,0.05684547638110493,0.6273042480936685,0.048064044338633906,167,4,48,0.19189435534483215,18,0.005593916967513132,0.020051271156684466,1.6284001355701296,0.8060629880701138,48
80,0.05174927113702621,0.6600333932183613,0.06820782878081409,119,4,40,0.24224064910452991,17,0.01705652387135935,0.0012658659155725292,2.8258955357509725,0.7091593455058264,9
81,0.04954640614096306,0.6129180174362906,0.07089097614293231,78,5,53,0.2163504820150117,20,0.0134194119147688,0.014651356664547387,3.087656833618284,0.990226507146813,4
82,0.05163636363636359,0.7673089817592829,0.06600346096125329,79,5,42,0.2224503043921611,20,0.010327513685373659,0.011989308733814062,5.431669887007864,0.9558805080022276,2
83,0.05739692805173813,0.6297666467307096,0.07336563159752837,71,4,46,0.18321521030293872,21,0.032076133551129905,0.026345897837814967,2.086588304526676,0.8506379360433772,23
84,0.05444785276073616,0.9198252667971905,0.05899896214309125,89,5,35,0.20044943406539456,22,0.0437180298538208,0.006834191826082912,2.256269738485192,0.7739237100941122,41
85,0.05193855157278715,0.9968464244500523,0.07989355174546293,138,6,38,0.25437097277839815,16,0.00481093399292359,0.041759700307021495,5.99447565196309,0.9667000038172022,4
86,0.0640394088669951,0.7336329051646183,0.07620715848122281,102,5,64,0.17132184382916021,23,0.0701044067538008,0.0022315869262796353,1.4305201680989692,0.9780054997223987,35
87,0.06336633663366331,0.6809868801388717,0.07622611611298072,93,5,64,0.17601289382418864,30,0.07595610171522964,0.0023485224073836386,1.457037498890746,0.9951958334865187,17
88,0.053024645257654934,0.739667686826155,0.07584881282166632,94,5,66,0.16563608307992933,29,0.06082230134022544,0.002157404521471974,1.4352566724668736,0.9991117552576526,16
89,0.05133767172812731,0.6960712910837664,0.06876476320405289,100,5,73,0.14420610751933494,30,0.08116253067967942,0.0016977361562686265,1.5577622889194669,0.9772930707158168,9
90,0.049615653389238346,0.6844606562807871,0.02347666645146054,104,6,77,0.16906521515345527,28,0.07652439268546789,0.0030672821776415084,1.1799107768945696,0.9913733302452716,20
91,0.05593803786574869,0.7134274195601495,0.07595389210679031,148,5,62,0.1542125491957371,24,0.0404699774117616,0.0023649392359627536,1.720235393271139,0.9797599966361125,31
92,0.05212922173274592,0.6456341904036733,0.07166600694113427,110,5,69,0.190639343538481,23,0.15096116009020624,0.004289207366346013,1.3317013666730386,0.726040893125035,7
93,0.05486862442040186,0.6110213143367571,0.033621275381445125,87,5,64,0.17841510641105904,30,0.05403626014724613,0.0033413815115289095,3.592436109545276,0.9931890248042361,8
94,0.05813953488372092,0.6711066246217026,0.07756237088970365,67,4,59,0.2056059918698493,26,0.03641911235803385,0.0011501669828600442,1.8667442562821084,0.7491963669553936,35
95,0.05465742879137803,0.7835188673053095,0.07272525942676593,74,3,54,0.23256026164524005,24,0.10988141693758977,0.0019031835560528625,1.0525413428643877,0.9349039634558018,70
96,0.05216752387950041,0.6644757449232777,0.06264133688109007,202,6,52,0.18575497144726436,22,0.02617341745048249,0.0051672004940928155,2.452815775899844,0.9998013641244933,15
97,0.050212164073550225,0.6813678065989441,0.036729431561161416,82,5,57,0.1785177585623629,31,0.0035785314937381452,0.002810175133364265,4.902189916202776,0.9675075986993198,7
98,0.04971988795518212,0.7370562431902425,0.07762637911556171,114,6,67,0.19806312197446083,25,0.06306202534106237,0.0038885065376444805,1.4919745739728874,0.8690094608966388,4
99,0.05326331582895727,0.7214056691934027,0.05031770091197709,96,4,50,0.1523955306239698,7,0.007474672648102114,0.01705969641117121,2.6969921519330673,0.9176543850503864,33
100,0.052592592592592635,0.7489172992087382,0.06467973728347376,128,5,86,0.21358029222061486,27,0.04808553289002585,0.0016188760565835594,1.2878894196287,0.7965681784969192,8
101,0.05734144222415294,0.6015888919403123,0.06795982529596134,79,5,46,0.22409645416614682,19,0.1936084492369238,0.009901329024357582,5.177390759802686,0.9559015426381829,13
102,0.057605760576057596,0.7692651813915347,0.06905881573686594,219,5,42,0.21597607636891686,21,0.2751883357650459,0.007817725524605858,4.142880527073058,0.9838961018039303,11
103,0.05652173913043479,0.6540890664049162,0.07504185786522868,91,5,61,0.2457585873576258,23,0.013986624259939144,0.012071934436938589,3.8802329753165115,0.973222419985101,11
104,0.05046197583511014,0.7933462751681067,0.07114691399273958,85,6,55,0.20602982809258794,18,0.023149954578484667,0.021743823076900138,4.321618137713676,0.9624565811327085,6
105,0.05190058479532167,0.820970190301924,0.06646569892780656,69,5,48,0.27548920508692015,20,0.017373202879432528,0.002209633851055184,5.8420623288109255,0.9046410521438549,1
106,0.05193855157278715,0.6312377939749323,0.07378691717010859,175,5,32,0.23653990113367818,26,0.011062191318611444,0.015601178437650928,4.676664342915008,0.9851223532275407,3
107,0.050070521861777184,0.618458729288329,0.04097890366690815,157,5,51,0.22709867078384777,19,0.0737415298368949,0.006431664225176967,5.461812549607922,0.9426930459984184,5
108,0.05342362678705792,0.8038143084513742,0.039598459167419095,75,6,40,0.1129200627361378,21,0.10139614282067738,0.008774935837465372,2.003674368905232,0.9297581818519411,3
109,0.05270972531551599,0.8752631269139867,0.05313085974556885,99,4,44,0.2583748982828351,22,0.031515181787843884,0.0013813239386377908,2.396453967423015,0.8782325518518923,4
110,0.059928443649373886,0.7010976040400984,0.07828896253660564,120,5,72,0.17201468935831252,23,0.1383170890569193,0.013473021820830884,2.8460722200360973,0.8866948809005015,15
111,0.05152394775036284,0.6411428418891069,0.06079361140762029,81,5,55,0.2522871757244638,19,0.0076534302393570465,0.03705617190432495,2.9331244925922544,0.9952366591081674,4
112,0.06165004533091567,0.6641097274914265,0.06659224474963978,87,5,37,0.26454321491225785,20,0.019208965765841548,0.02639475457247246,2.7676640082861335,0.9776325169463621,12
113,0.051673944687045115,0.6743357714126401,0.07158284065494902,72,5,60,0.2381883570003595,17,0.009373923511705084,0.05408494656709911,3.018093034383984,0.9859379448852931,4
114,0.05216752387950041,0.8380187401618844,0.06397077139148816,92,5,49,0.21933508835006052,18,0.012724906313845992,0.02063146937103271,2.580873780360125,0.9926130544821569,6
115,0.05516705516705511,0.7087186762742218,0.07493386240005717,103,5,64,0.2427428716251132,20,0.053657247037373915,0.17054107862603624,2.142363520284064,0.8415686168561332,8
116,0.05314371257485029,0.6239643836768043,0.07275395684899025,63,6,45,0.2113783990855087,21,0.0147574483243682,0.018660091910388258,3.2547327288149264,0.8115590253236601,7
117,0.05525291828793777,0.6088849322115257,0.06911695333143256,76,4,57,0.19622629255717666,22,0.003297528253436218,0.028680047068770347,1.6621991109883552,0.8951436131746198,29
118,0.05247597930524761,0.6916042355197514,0.07715614266724553,149,6,51,0.2273640063669557,15,0.006439308599666651,0.73004908304724,5.583262757057722,0.9702174279516794,2
119,0.06355511420059579,0.6487062497596734,0.07960653601794303,84,5,79,0.20255707550417168,19,0.4124139157592808,0.004446411234536915,5.735863884806116,0.8338584720695051,5
